# JRE version: Java(TM) SE Runtime Environment (17.0.6+9) (build 17.0.6+9-LTS-190)
# Java VM: Java HotSpot(TM) 64-Bit Server VM (17.0.6+9-LTS-190, mixed mode, sharing, tiered, compressed oops, compressed class ptrs, g1 gc, windows-amd64)
GC Precious Log:
 CPUs: 4 total, 4 available
 Memory: 8016M
 Large Page Support: Disabled
 NUMA Support: Disabled
 Compressed Oops: Enabled (32-bit)
 Heap Region Size: 1M
 Heap Min Capacity: 8M
 Heap Initial Capacity: 126M
 Heap Max Capacity: 2006M
 Pre-touch: Disabled
 Parallel Workers: 4
 Concurrent Workers: 1
 Concurrent Refinement Workers: 4
 Periodic GC: Disabled
Heap:
 garbage-first heap   total 129024K, used 87582K [0x0000000082a00000, 0x0000000100000000)
  region size 1024K, 52 young (53248K), 10 survivors (10240K)
 Metaspace       used 17784K, committed 18048K, reserved 1064960K
  class space    used 2035K, committed 2176K, reserved 1048576K
GC Heap History (8 events):
Event: 2.513 GC heap before
{Heap before GC invocations=0 (full 0):
 garbage-first heap   total 129024K, used 13312K [0x0000000082a00000, 0x0000000100000000)
  region size 1024K, 13 young (13312K), 0 survivors (0K)
 Metaspace       used 3690K, committed 3904K, reserved 1056768K
  class space    used 388K, committed 512K, reserved 1048576K
}
Event: 2.521 GC heap after
{Heap after GC invocations=1 (full 0):
 garbage-first heap   total 129024K, used 3278K [0x0000000082a00000, 0x0000000100000000)
  region size 1024K, 2 young (2048K), 2 survivors (2048K)
 Metaspace       used 3690K, committed 3904K, reserved 1056768K
  class space    used 388K, committed 512K, reserved 1048576K
}
Event: 3.380 GC heap before
{Heap before GC invocations=1 (full 0):
 garbage-first heap   total 129024K, used 14542K [0x0000000082a00000, 0x0000000100000000)
  region size 1024K, 13 young (13312K), 2 survivors (2048K)
 Metaspace       used 5687K, committed 5888K, reserved 1056768K
  class space    used 684K, committed 768K, reserved 1048576K
}
Event: 3.388 GC heap after
{Heap after GC invocations=2 (full 0):
 garbage-first heap   total 129024K, used 4018K [0x0000000082a00000, 0x0000000100000000)
  region size 1024K, 1 young (1024K), 1 survivors (1024K)
 Metaspace       used 5687K, committed 5888K, reserved 1056768K
  class space    used 684K, committed 768K, reserved 1048576K
}
Event: 5.397 GC heap before
{Heap before GC invocations=2 (full 0):
 garbage-first heap   total 129024K, used 32690K [0x0000000082a00000, 0x0000000100000000)
  region size 1024K, 29 young (29696K), 1 survivors (1024K)
 Metaspace       used 9560K, committed 9728K, reserved 1064960K
  class space    used 1161K, committed 1216K, reserved 1048576K
}
Event: 5.402 GC heap after
{Heap after GC invocations=3 (full 0):
 garbage-first heap   total 129024K, used 5219K [0x0000000082a00000, 0x0000000100000000)
  region size 1024K, 2 young (2048K), 2 survivors (2048K)
 Metaspace       used 9560K, committed 9728K, reserved 1064960K
  class space    used 1161K, committed 1216K, reserved 1048576K
}
Event: 13.101 GC heap before
{Heap before GC invocations=3 (full 0):
 garbage-first heap   total 129024K, used 79971K [0x0000000082a00000, 0x0000000100000000)
  region size 1024K, 75 young (76800K), 2 survivors (2048K)
 Metaspace       used 15728K, committed 15872K, reserved 1064960K
  class space    used 1862K, committed 1920K, reserved 1048576K
}
Event: 13.124 GC heap after
{Heap after GC invocations=4 (full 0):
 garbage-first heap   total 129024K, used 12830K [0x0000000082a00000, 0x0000000100000000)
  region size 1024K, 10 young (10240K), 10 survivors (10240K)
 Metaspace       used 15728K, committed 15872K, reserved 1064960K
  class space    used 1862K, committed 1920K, reserved 1048576K
}

